<?xml version="1.0" encoding="UTF-8"?>
<!-- Generated by org.testng.reporters.JUnitReportReporter -->
<testsuite hostname="SSL-16-0048" name="frameWorkClass" tests="1" failures="0" timestamp="11 Jan 2016 11:56:54 GMT" time="5.342" errors="0">
  <testcase name="login" time="5.342" classname="frameWorkClass"/>
</testsuite> <!-- frameWorkClass -->
