<?xml version="1.0" encoding="UTF-8"?>
<!-- Generated by org.testng.reporters.JUnitReportReporter -->
<testsuite hostname="SSL-16-0048" name="frameWorkClass" tests="1" failures="0" timestamp="12 Jan 2016 06:44:31 GMT" time="4.583" errors="0">
  <testcase name="login" time="4.583" classname="frameWorkClass"/>
</testsuite> <!-- frameWorkClass -->
